<?xml version="1.0" encoding="UTF-8"?>
<testng-results ignored="0" total="1" passed="1" failed="0" skipped="0">
  <reporter-output>
  </reporter-output>
  <suite started-at="2023-03-29T18:20:11 IST" name=" medsol Suite" finished-at="2023-03-29T18:21:27 IST" duration-ms="75764">
    <groups>
    </groups>
    <test started-at="2023-03-29T18:20:11 IST" name=" Login Test" finished-at="2023-03-29T18:21:27 IST" duration-ms="75764">
      <class name="com.medsol.testcases.TC_Live_consultations_livemeetings_created">
        <test-method is-config="true" signature="setup(java.lang.String)[pri:0, instance:com.medsol.testcases.TC_Live_consultations_livemeetings_created@6a78afa0]" started-at="2023-03-29T18:20:11 IST" name="setup" finished-at="2023-03-29T18:20:41 IST" duration-ms="29659" status="PASS">
          <params>
            <param index="0">
              <value>
                <![CDATA[chrome]]>
              </value>
            </param>
          </params>
          <reporter-output>
          </reporter-output>
        </test-method> <!-- setup -->
        <test-method signature="Live_consultations_livemeetingspagetest()[pri:0, instance:com.medsol.testcases.TC_Live_consultations_livemeetings_created@6a78afa0]" started-at="2023-03-29T18:20:41 IST" name="Live_consultations_livemeetingspagetest" finished-at="2023-03-29T18:21:27 IST" duration-ms="45709" status="PASS">
          <reporter-output>
          </reporter-output>
        </test-method> <!-- Live_consultations_livemeetingspagetest -->
        <test-method is-config="true" signature="teardown()[pri:0, instance:com.medsol.testcases.TC_Live_consultations_livemeetings_created@6a78afa0]" started-at="2023-03-29T18:21:27 IST" name="teardown" finished-at="2023-03-29T18:21:27 IST" duration-ms="336" status="PASS">
          <reporter-output>
          </reporter-output>
        </test-method> <!-- teardown -->
      </class> <!-- com.medsol.testcases.TC_Live_consultations_livemeetings_created -->
    </test> <!--  Login Test -->
  </suite> <!--  medsol Suite -->
</testng-results>
